f:\programm\vs 2015\makinggameswithben\makinggameswithben\debug\vc140.pdb
f:\programm\vs 2015\makinggameswithben\makinggameswithben\debug\vc140.idb
f:\programm\vs 2015\makinggameswithben\makinggameswithben\debug\bullet.obj
f:\programm\vs 2015\makinggameswithben\makinggameswithben\debug\main.obj
f:\programm\vs 2015\makinggameswithben\makinggameswithben\debug\maingame.obj
f:\programm\github.local\mgameswben\makinggameswithben\makinggameswithben\debug\vc140.pdb
f:\programm\github.local\mgameswben\makinggameswithben\makinggameswithben\debug\vc140.idb
f:\programm\github.local\mgameswben\makinggameswithben\makinggameswithben\debug\bullet.obj
f:\programm\github.local\mgameswben\makinggameswithben\makinggameswithben\debug\main.obj
f:\programm\github.local\mgameswben\makinggameswithben\makinggameswithben\debug\maingame.obj
f:\programm\vs 2015\makinggameswithben\debug\makinggameswithben.ilk
f:\programm\vs 2015\makinggameswithben\debug\makinggameswithben.exe
f:\programm\vs 2015\makinggameswithben\debug\makinggameswithben.pdb
f:\programm\github.local\mgameswben\makinggameswithben\debug\makinggameswithben.ilk
f:\programm\github.local\mgameswben\makinggameswithben\debug\makinggameswithben.exe
f:\programm\github.local\mgameswben\makinggameswithben\debug\makinggameswithben.pdb
f:\programm\github.local\mgameswben\makinggameswithben\makinggameswithben\debug\makingga.d0c9db89.tlog\cl.command.1.tlog
f:\programm\github.local\mgameswben\makinggameswithben\makinggameswithben\debug\makingga.d0c9db89.tlog\cl.read.1.tlog
f:\programm\github.local\mgameswben\makinggameswithben\makinggameswithben\debug\makingga.d0c9db89.tlog\cl.write.1.tlog
f:\programm\github.local\mgameswben\makinggameswithben\makinggameswithben\debug\makingga.d0c9db89.tlog\link.command.1.tlog
f:\programm\github.local\mgameswben\makinggameswithben\makinggameswithben\debug\makingga.d0c9db89.tlog\link.read.1.tlog
f:\programm\github.local\mgameswben\makinggameswithben\makinggameswithben\debug\makingga.d0c9db89.tlog\link.write.1.tlog
