25/03/2016 15:05:39 (Std) 	+-+-+-+-+-+-+-+-+-+-+-+-+-+-+-+-+-+-+-+-+-+-+-+-+-+-+-+-+-+-+-+-+-+-+-+-+-+-+-+
25/03/2016 15:05:39 (Std) 	+                     Crazy Eddie's GUI System - Event log                    +
25/03/2016 15:05:39 (Std) 	+                          (http://www.cegui.org.uk/)                         +
25/03/2016 15:05:39 (Std) 	+-+-+-+-+-+-+-+-+-+-+-+-+-+-+-+-+-+-+-+-+-+-+-+-+-+-+-+-+-+-+-+-+-+-+-+-+-+-+-+

25/03/2016 15:05:39 (Std) 	CEGUI::Logger singleton created. (00826988)
25/03/2016 15:05:39 (Std) 	
25/03/2016 15:05:39 (Std) 	********************************************************************************
25/03/2016 15:05:39 (Std) 	* Important:                                                                   *
25/03/2016 15:05:39 (Std) 	*     To get support at the CEGUI forums, you must post _at least_ the section *
25/03/2016 15:05:39 (Std) 	*     of this log file indicated below.  Failure to do this will result in no  *
25/03/2016 15:05:39 (Std) 	*     support being given; please do not waste our time.                       *
25/03/2016 15:05:39 (Std) 	********************************************************************************
25/03/2016 15:05:39 (Std) 	********************************************************************************
25/03/2016 15:05:39 (Std) 	* -------- START OF ESSENTIAL SECTION TO BE POSTED ON THE FORUM       -------- *
25/03/2016 15:05:39 (Std) 	********************************************************************************
25/03/2016 15:05:39 (Std) 	---- Version: 0.8.5 (Build: Mar 20 2016 Debug Microsoft Windows MSVC++ 14.0 (2015) 32 bit) ----
25/03/2016 15:05:39 (Std) 	---- Renderer module is: CEGUI::OpenGL3Renderer - Official OpenGL 3.2 core based renderer module.  TextureTarget support enabled via FBO OGL 3.2 core implementation. ----
25/03/2016 15:05:39 (Std) 	---- XML Parser module is: CEGUI::ExpatParser - Official expat based parser module for CEGUI ----
25/03/2016 15:05:39 (Std) 	---- Image Codec module is: SILLYImageCodec - Official SILLY based image codec ----
25/03/2016 15:05:39 (Std) 	---- Scripting module is: None ----
25/03/2016 15:05:39 (Std) 	********************************************************************************
25/03/2016 15:05:39 (Std) 	* -------- END OF ESSENTIAL SECTION TO BE POSTED ON THE FORUM         -------- *
25/03/2016 15:05:39 (Std) 	********************************************************************************
25/03/2016 15:05:39 (Std) 	
25/03/2016 15:05:39 (Std) 	---- Begining CEGUI System initialisation ----
25/03/2016 15:05:39 (Std) 	[CEGUI::ImageManager] Singleton created (04EADE40)
25/03/2016 15:05:39 (Std) 	[CEGUI::ImageManager] Registered Image type: BasicImage
25/03/2016 15:05:39 (Std) 	CEGUI::FontManager singleton created. (0086CAE0)
25/03/2016 15:05:39 (Std) 	CEGUI::WindowFactoryManager singleton created
25/03/2016 15:05:39 (Std) 	CEGUI::WindowManager singleton created (04E89328)
25/03/2016 15:05:39 (Std) 	CEGUI::SchemeManager singleton created. (0086CBC8)
25/03/2016 15:05:39 (Std) 	CEGUI::GlobalEventSet singleton created. (04B9E3B0)
25/03/2016 15:05:39 (Std) 	CEGUI::AnimationManager singleton created (007C4B80)
25/03/2016 15:05:39 (Std) 	CEGUI::WidgetLookManager singleton created. (007C52B8)
25/03/2016 15:05:39 (Std) 	CEGUI::WindowRendererManager singleton created (007C5838)
25/03/2016 15:05:39 (Std) 	CEGUI::RenderEffectManager singleton created (04B9E440)
25/03/2016 15:05:39 (Std) 	Created WindowFactory for 'DefaultWindow' windows.
25/03/2016 15:05:39 (Std) 	WindowFactory for 'DefaultWindow' windows added. (04EB4C78)
25/03/2016 15:05:39 (Std) 	Created WindowFactory for 'DragContainer' windows.
25/03/2016 15:05:39 (Std) 	WindowFactory for 'DragContainer' windows added. (04EB5B50)
25/03/2016 15:05:39 (Std) 	Created WindowFactory for 'ScrolledContainer' windows.
25/03/2016 15:05:39 (Std) 	WindowFactory for 'ScrolledContainer' windows added. (04EB4D40)
25/03/2016 15:05:39 (Std) 	Created WindowFactory for 'ClippedContainer' windows.
25/03/2016 15:05:39 (Std) 	WindowFactory for 'ClippedContainer' windows added. (04EB5768)
25/03/2016 15:05:39 (Std) 	Created WindowFactory for 'CEGUI/PushButton' windows.
25/03/2016 15:05:39 (Std) 	WindowFactory for 'CEGUI/PushButton' windows added. (04EB52B8)
25/03/2016 15:05:39 (Std) 	Created WindowFactory for 'CEGUI/RadioButton' windows.
25/03/2016 15:05:39 (Std) 	WindowFactory for 'CEGUI/RadioButton' windows added. (04EB5510)
25/03/2016 15:05:39 (Std) 	Created WindowFactory for 'CEGUI/Combobox' windows.
25/03/2016 15:05:39 (Std) 	WindowFactory for 'CEGUI/Combobox' windows added. (04EB5380)
25/03/2016 15:05:39 (Std) 	Created WindowFactory for 'CEGUI/ComboDropList' windows.
25/03/2016 15:05:39 (Std) 	WindowFactory for 'CEGUI/ComboDropList' windows added. (04EB5128)
25/03/2016 15:05:39 (Std) 	Created WindowFactory for 'CEGUI/Editbox' windows.
25/03/2016 15:05:39 (Std) 	WindowFactory for 'CEGUI/Editbox' windows added. (04EB55D8)
25/03/2016 15:05:39 (Std) 	Created WindowFactory for 'CEGUI/FrameWindow' windows.
25/03/2016 15:05:39 (Std) 	WindowFactory for 'CEGUI/FrameWindow' windows added. (04EB5830)
25/03/2016 15:05:39 (Std) 	Created WindowFactory for 'CEGUI/ItemEntry' windows.
25/03/2016 15:05:39 (Std) 	WindowFactory for 'CEGUI/ItemEntry' windows added. (04EB5448)
25/03/2016 15:05:39 (Std) 	Created WindowFactory for 'CEGUI/Listbox' windows.
25/03/2016 15:05:39 (Std) 	WindowFactory for 'CEGUI/Listbox' windows added. (04EB56A0)
25/03/2016 15:05:39 (Std) 	Created WindowFactory for 'CEGUI/ListHeader' windows.
25/03/2016 15:05:39 (Std) 	WindowFactory for 'CEGUI/ListHeader' windows added. (04EB58F8)
25/03/2016 15:05:39 (Std) 	Created WindowFactory for 'CEGUI/ListHeaderSegment' windows.
25/03/2016 15:05:39 (Std) 	WindowFactory for 'CEGUI/ListHeaderSegment' windows added. (04EB59C0)
25/03/2016 15:05:39 (Std) 	Created WindowFactory for 'CEGUI/Menubar' windows.
25/03/2016 15:05:39 (Std) 	WindowFactory for 'CEGUI/Menubar' windows added. (04EB5A88)
25/03/2016 15:05:39 (Std) 	Created WindowFactory for 'CEGUI/PopupMenu' windows.
25/03/2016 15:05:39 (Std) 	WindowFactory for 'CEGUI/PopupMenu' windows added. (04EB4E08)
25/03/2016 15:05:39 (Std) 	Created WindowFactory for 'CEGUI/MenuItem' windows.
25/03/2016 15:05:39 (Std) 	WindowFactory for 'CEGUI/MenuItem' windows added. (04EB4ED0)
25/03/2016 15:05:39 (Std) 	Created WindowFactory for 'CEGUI/MultiColumnList' windows.
25/03/2016 15:05:39 (Std) 	WindowFactory for 'CEGUI/MultiColumnList' windows added. (04EB4F98)
25/03/2016 15:05:39 (Std) 	Created WindowFactory for 'CEGUI/MultiLineEditbox' windows.
25/03/2016 15:05:39 (Std) 	WindowFactory for 'CEGUI/MultiLineEditbox' windows added. (04EB5060)
25/03/2016 15:05:39 (Std) 	Created WindowFactory for 'CEGUI/ProgressBar' windows.
25/03/2016 15:05:39 (Std) 	WindowFactory for 'CEGUI/ProgressBar' windows added. (04EB7608)
25/03/2016 15:05:39 (Std) 	Created WindowFactory for 'CEGUI/ScrollablePane' windows.
25/03/2016 15:05:39 (Std) 	WindowFactory for 'CEGUI/ScrollablePane' windows added. (04EB68C0)
25/03/2016 15:05:39 (Std) 	Created WindowFactory for 'CEGUI/Scrollbar' windows.
25/03/2016 15:05:39 (Std) 	WindowFactory for 'CEGUI/Scrollbar' windows added. (04EB76D0)
25/03/2016 15:05:39 (Std) 	Created WindowFactory for 'CEGUI/Slider' windows.
25/03/2016 15:05:39 (Std) 	WindowFactory for 'CEGUI/Slider' windows added. (04EB79F0)
25/03/2016 15:05:39 (Std) 	Created WindowFactory for 'CEGUI/Spinner' windows.
25/03/2016 15:05:39 (Std) 	WindowFactory for 'CEGUI/Spinner' windows added. (04EB7090)
25/03/2016 15:05:39 (Std) 	Created WindowFactory for 'CEGUI/TabButton' windows.
25/03/2016 15:05:39 (Std) 	WindowFactory for 'CEGUI/TabButton' windows added. (04EB6F00)
25/03/2016 15:05:39 (Std) 	Created WindowFactory for 'CEGUI/TabControl' windows.
25/03/2016 15:05:39 (Std) 	WindowFactory for 'CEGUI/TabControl' windows added. (04EB67F8)
25/03/2016 15:05:39 (Std) 	Created WindowFactory for 'CEGUI/Thumb' windows.
25/03/2016 15:05:39 (Std) 	WindowFactory for 'CEGUI/Thumb' windows added. (04EB6988)
25/03/2016 15:05:39 (Std) 	Created WindowFactory for 'CEGUI/Titlebar' windows.
25/03/2016 15:05:39 (Std) 	WindowFactory for 'CEGUI/Titlebar' windows added. (04EB7AB8)
25/03/2016 15:05:39 (Std) 	Created WindowFactory for 'CEGUI/ToggleButton' windows.
25/03/2016 15:05:39 (Std) 	WindowFactory for 'CEGUI/ToggleButton' windows added. (04EB7D10)
25/03/2016 15:05:39 (Std) 	Created WindowFactory for 'CEGUI/Tooltip' windows.
25/03/2016 15:05:39 (Std) 	WindowFactory for 'CEGUI/Tooltip' windows added. (04EB6BE0)
25/03/2016 15:05:39 (Std) 	Created WindowFactory for 'CEGUI/ItemListbox' windows.
25/03/2016 15:05:39 (Std) 	WindowFactory for 'CEGUI/ItemListbox' windows added. (04EB6A50)
25/03/2016 15:05:39 (Std) 	Created WindowFactory for 'CEGUI/GroupBox' windows.
25/03/2016 15:05:39 (Std) 	WindowFactory for 'CEGUI/GroupBox' windows added. (04EB6CA8)
25/03/2016 15:05:39 (Std) 	Created WindowFactory for 'CEGUI/Tree' windows.
25/03/2016 15:05:39 (Std) 	WindowFactory for 'CEGUI/Tree' windows added. (04EB7478)
25/03/2016 15:05:39 (Std) 	Created WindowFactory for 'LayoutCell' windows.
25/03/2016 15:05:39 (Std) 	WindowFactory for 'LayoutCell' windows added. (04EB7540)
25/03/2016 15:05:39 (Std) 	Created WindowFactory for 'HorizontalLayoutContainer' windows.
25/03/2016 15:05:39 (Std) 	WindowFactory for 'HorizontalLayoutContainer' windows added. (04EB7798)
25/03/2016 15:05:39 (Std) 	Created WindowFactory for 'VerticalLayoutContainer' windows.
25/03/2016 15:05:39 (Std) 	WindowFactory for 'VerticalLayoutContainer' windows added. (04EB6E38)
25/03/2016 15:05:39 (Std) 	Created WindowFactory for 'GridLayoutContainer' windows.
25/03/2016 15:05:39 (Std) 	WindowFactory for 'GridLayoutContainer' windows added. (04EB7DD8)
25/03/2016 15:05:39 (Std) 	CEGUI::System singleton created. (007887A8)
25/03/2016 15:05:39 (Std) 	---- CEGUI System initialisation completed ----
25/03/2016 15:05:39 (Std) 	
25/03/2016 15:05:39 (Std) 	Started creation of Scheme from XML specification:
25/03/2016 15:05:39 (Std) 	---- CEGUI GUIScheme name: TaharezLook
25/03/2016 15:05:39 (Std) 	[ImageManager] Started creation of Imageset from XML specification:
25/03/2016 15:05:39 (Std) 	[ImageManager] ---- CEGUI Imageset name: TaharezLook
25/03/2016 15:05:39 (Std) 	[ImageManager] ---- Source texture file: TaharezLook.png
25/03/2016 15:05:39 (Std) 	[ImageManager] ---- Source texture resource group: (Default)
25/03/2016 15:05:39 (Std) 	[OpenGLRenderer] Created texture: TaharezLook
25/03/2016 15:05:39 (Std) 	[ImageManager] Created image: 'TaharezLook/ClientBrush' (007AD4A0) of type: BasicImage
25/03/2016 15:05:39 (Std) 	[ImageManager] Created image: 'TaharezLook/GenericBrush' (007AD5B8) of type: BasicImage
25/03/2016 15:05:39 (Std) 	[ImageManager] Created image: 'TaharezLook/WindowLeftEdge' (007AD6D0) of type: BasicImage
25/03/2016 15:05:39 (Std) 	[ImageManager] Created image: 'TaharezLook/WindowRightEdge' (007AD158) of type: BasicImage
25/03/2016 15:05:39 (Std) 	[ImageManager] Created image: 'TaharezLook/WindowTopEdge' (04EBFEA0) of type: BasicImage
25/03/2016 15:05:39 (Std) 	[ImageManager] Created image: 'TaharezLook/WindowBottomEdge' (04EBFD88) of type: BasicImage
25/03/2016 15:05:39 (Std) 	[ImageManager] Created image: 'TaharezLook/WindowTopLeft' (04EBF4C8) of type: BasicImage
25/03/2016 15:05:39 (Std) 	[ImageManager] Created image: 'TaharezLook/WindowTopRight' (04EBEC08) of type: BasicImage
25/03/2016 15:05:39 (Std) 	[ImageManager] Created image: 'TaharezLook/WindowBottomLeft' (04EBED20) of type: BasicImage
25/03/2016 15:05:39 (Std) 	[ImageManager] Created image: 'TaharezLook/WindowBottomRight' (04EBF5E0) of type: BasicImage
25/03/2016 15:05:39 (Std) 	[ImageManager] Created image: 'TaharezLook/ButtonLeftNormal' (04EBEF50) of type: BasicImage
25/03/2016 15:05:39 (Std) 	[ImageManager] Created image: 'TaharezLook/ButtonMiddleNormal' (04EBF068) of type: BasicImage
25/03/2016 15:05:39 (Std) 	[ImageManager] Created image: 'TaharezLook/ButtonRightNormal' (04EBFA40) of type: BasicImage
25/03/2016 15:05:39 (Std) 	[ImageManager] Created image: 'TaharezLook/ButtonLeftPushed' (04EC0300) of type: BasicImage
25/03/2016 15:05:39 (Std) 	[ImageManager] Created image: 'TaharezLook/ButtonMiddlePushed' (04EBE9D8) of type: BasicImage
25/03/2016 15:05:39 (Std) 	[ImageManager] Created image: 'TaharezLook/ButtonRightPushed' (04EBFB58) of type: BasicImage
25/03/2016 15:05:39 (Std) 	[ImageManager] Created image: 'TaharezLook/ButtonLeftHighlight' (04EBF180) of type: BasicImage
25/03/2016 15:05:39 (Std) 	[ImageManager] Created image: 'TaharezLook/ButtonMiddleHighlight' (04EBEAF0) of type: BasicImage
25/03/2016 15:05:39 (Std) 	[ImageManager] Created image: 'TaharezLook/ButtonRightHighlight' (04EBE460) of type: BasicImage
25/03/2016 15:05:39 (Std) 	[ImageManager] Created image: 'TaharezLook/CheckboxNormal' (04EBF298) of type: BasicImage
25/03/2016 15:05:39 (Std) 	[ImageManager] Created image: 'TaharezLook/CheckboxHover' (04EBF6F8) of type: BasicImage
25/03/2016 15:05:39 (Std) 	[ImageManager] Created image: 'TaharezLook/CheckboxMark' (04EBFC70) of type: BasicImage
25/03/2016 15:05:39 (Std) 	[ImageManager] Created image: 'TaharezLook/RadioButtonNormal' (04EBF810) of type: BasicImage
25/03/2016 15:05:39 (Std) 	[ImageManager] Created image: 'TaharezLook/RadioButtonHover' (04EBF928) of type: BasicImage
25/03/2016 15:05:39 (Std) 	[ImageManager] Created image: 'TaharezLook/RadioButtonMark' (04EBE578) of type: BasicImage
25/03/2016 15:05:39 (Std) 	[ImageManager] Created image: 'TaharezLook/TitlebarLeft' (04EBF3B0) of type: BasicImage
25/03/2016 15:05:39 (Std) 	[ImageManager] Created image: 'TaharezLook/TitlebarMiddle' (04EBFFB8) of type: BasicImage
25/03/2016 15:05:39 (Std) 	[ImageManager] Created image: 'TaharezLook/TitlebarRight' (04EBEE38) of type: BasicImage
25/03/2016 15:05:39 (Std) 	[ImageManager] Created image: 'TaharezLook/NewTitlebarLeft' (04EC00D0) of type: BasicImage
25/03/2016 15:05:39 (Std) 	[ImageManager] Created image: 'TaharezLook/NewTitlebarMiddle' (04EC01E8) of type: BasicImage
25/03/2016 15:05:39 (Std) 	[ImageManager] Created image: 'TaharezLook/NewTitlebarRight' (04EBE690) of type: BasicImage
25/03/2016 15:05:39 (Std) 	[ImageManager] Created image: 'TaharezLook/SysAreaMiddle' (04EBE7A8) of type: BasicImage
25/03/2016 15:05:39 (Std) 	[ImageManager] Created image: 'TaharezLook/SysAreaRight' (04EBE8C0) of type: BasicImage
25/03/2016 15:05:39 (Std) 	[ImageManager] Created image: 'TaharezLook/StaticLeft' (04EE68A8) of type: BasicImage
25/03/2016 15:05:39 (Std) 	[ImageManager] Created image: 'TaharezLook/StaticRight' (04EE5B88) of type: BasicImage
25/03/2016 15:05:39 (Std) 	[ImageManager] Created image: 'TaharezLook/StaticTop' (04EE54F8) of type: BasicImage
25/03/2016 15:05:39 (Std) 	[ImageManager] Created image: 'TaharezLook/StaticBottom' (04EE4F80) of type: BasicImage
25/03/2016 15:05:39 (Std) 	[ImageManager] Created image: 'TaharezLook/StaticTopLeft' (04EE52C8) of type: BasicImage
25/03/2016 15:05:39 (Std) 	[ImageManager] Created image: 'TaharezLook/StaticTopRight' (04EE69C0) of type: BasicImage
25/03/2016 15:05:39 (Std) 	[ImageManager] Created image: 'TaharezLook/StaticBottomLeft' (04EE5FE8) of type: BasicImage
25/03/2016 15:05:39 (Std) 	[ImageManager] Created image: 'TaharezLook/StaticBottomRight' (04EE53E0) of type: BasicImage
25/03/2016 15:05:39 (Std) 	[ImageManager] Created image: 'TaharezLook/StaticBackdrop' (04EE6AD8) of type: BasicImage
25/03/2016 15:05:39 (Std) 	[ImageManager] Created image: 'TaharezLook/ProgressBarLeft' (04EE5DB8) of type: BasicImage
25/03/2016 15:05:39 (Std) 	[ImageManager] Created image: 'TaharezLook/ProgressBarMiddle' (04EE6BF0) of type: BasicImage
25/03/2016 15:05:39 (Std) 	[ImageManager] Created image: 'TaharezLook/ProgressBarRight' (04EE6448) of type: BasicImage
25/03/2016 15:05:39 (Std) 	[ImageManager] Created image: 'TaharezLook/ProgressBarDimSegment' (04EE5958) of type: BasicImage
25/03/2016 15:05:39 (Std) 	[ImageManager] Created image: 'TaharezLook/ProgressBarLitSegment' (04EE5A70) of type: BasicImage
25/03/2016 15:05:39 (Std) 	[ImageManager] Created image: 'TaharezLook/EditBoxLeft' (04EE5CA0) of type: BasicImage
25/03/2016 15:05:39 (Std) 	[ImageManager] Created image: 'TaharezLook/EditBoxMiddle' (04EE6218) of type: BasicImage
25/03/2016 15:05:39 (Std) 	[ImageManager] Created image: 'TaharezLook/EditBoxRight' (04EE51B0) of type: BasicImage
25/03/2016 15:05:39 (Std) 	[ImageManager] Created image: 'TaharezLook/EditBoxCaret' (04EE6D08) of type: BasicImage
25/03/2016 15:05:39 (Std) 	[ImageManager] Created image: 'TaharezLook/SpinnerUpNormal' (04EE5610) of type: BasicImage
25/03/2016 15:05:39 (Std) 	[ImageManager] Created image: 'TaharezLook/SpinnerDownNormal' (04EE6790) of type: BasicImage
25/03/2016 15:05:39 (Std) 	[ImageManager] Created image: 'TaharezLook/SpinnerUpHover' (04EE6678) of type: BasicImage
25/03/2016 15:05:39 (Std) 	[ImageManager] Created image: 'TaharezLook/SpinnerDownHover' (04EE6E20) of type: BasicImage
25/03/2016 15:05:39 (Std) 	[ImageManager] Created image: 'TaharezLook/TextSelectionBrush' (04EE5728) of type: BasicImage
25/03/2016 15:05:39 (Std) 	[ImageManager] Created image: 'TaharezLook/VertScrollTop' (04EE5ED0) of type: BasicImage
25/03/2016 15:05:39 (Std) 	[ImageManager] Created image: 'TaharezLook/VertScrollMiddle' (04EE6100) of type: BasicImage
25/03/2016 15:05:39 (Std) 	[ImageManager] Created image: 'TaharezLook/VertScrollBottom' (04EE5840) of type: BasicImage
25/03/2016 15:05:39 (Std) 	[ImageManager] Created image: 'TaharezLook/VertScrollBarSegment' (04EE6330) of type: BasicImage
25/03/2016 15:05:39 (Std) 	[ImageManager] Created image: 'TaharezLook/VertScrollThumbNormal' (04EE6560) of type: BasicImage
25/03/2016 15:05:39 (Std) 	[ImageManager] Created image: 'TaharezLook/VertScrollThumbHover' (04EE5098) of type: BasicImage
25/03/2016 15:05:39 (Std) 	[ImageManager] Created image: 'TaharezLook/VertScrollUpNormal' (04EEA748) of type: BasicImage
25/03/2016 15:05:39 (Std) 	[ImageManager] Created image: 'TaharezLook/VertScrollDownNormal' (04EEAEF0) of type: BasicImage
25/03/2016 15:05:39 (Std) 	[ImageManager] Created image: 'TaharezLook/VertScrollUpHover' (04EEA2E8) of type: BasicImage
25/03/2016 15:05:39 (Std) 	[ImageManager] Created image: 'TaharezLook/VertScrollDownHover' (04EEA978) of type: BasicImage
25/03/2016 15:05:39 (Std) 	[ImageManager] Created image: 'TaharezLook/MiniVertScrollBarSegment' (04EEB698) of type: BasicImage
25/03/2016 15:05:39 (Std) 	[ImageManager] Created image: 'TaharezLook/MiniVertScrollThumbNormal' (04EEAA90) of type: BasicImage
25/03/2016 15:05:39 (Std) 	[ImageManager] Created image: 'TaharezLook/MiniVertScrollThumbTopNormal' (04EEA0B8) of type: BasicImage
25/03/2016 15:05:39 (Std) 	[ImageManager] Created image: 'TaharezLook/MiniVertScrollThumbMiddleNormal' (04EEB350) of type: BasicImage
25/03/2016 15:05:39 (Std) 	[ImageManager] Created image: 'TaharezLook/MiniVertScrollThumbBottomNormal' (04EEABA8) of type: BasicImage
25/03/2016 15:05:39 (Std) 	[ImageManager] Created image: 'TaharezLook/MiniVertScrollThumbTopHover' (04EEBAF8) of type: BasicImage
25/03/2016 15:05:39 (Std) 	[ImageManager] Created image: 'TaharezLook/MiniVertScrollThumbMiddleHover' (04EEB9E0) of type: BasicImage
25/03/2016 15:05:39 (Std) 	[ImageManager] Created image: 'TaharezLook/MiniVertScrollThumbBottomHover' (04EEBD28) of type: BasicImage
25/03/2016 15:05:39 (Std) 	[ImageManager] Created image: 'TaharezLook/MiniVertScrollThumbHover' (04EEA860) of type: BasicImage
25/03/2016 15:05:39 (Std) 	[ImageManager] Created image: 'TaharezLook/MiniVertScrollUpNormal' (04EEACC0) of type: BasicImage
25/03/2016 15:05:39 (Std) 	[ImageManager] Created image: 'TaharezLook/MiniVertScrollDownNormal' (04EEBE40) of type: BasicImage
25/03/2016 15:05:39 (Std) 	[ImageManager] Created image: 'TaharezLook/MiniVertScrollUpHover' (04EEB468) of type: BasicImage
25/03/2016 15:05:39 (Std) 	[ImageManager] Created image: 'TaharezLook/MiniVertScrollDownHover' (04EEB7B0) of type: BasicImage
25/03/2016 15:05:39 (Std) 	[ImageManager] Created image: 'TaharezLook/VertSliderBody' (04EEADD8) of type: BasicImage
25/03/2016 15:05:39 (Std) 	[ImageManager] Created image: 'TaharezLook/VertSliderThumbNormal' (04EEB008) of type: BasicImage
25/03/2016 15:05:39 (Std) 	[ImageManager] Created image: 'TaharezLook/VertSliderThumbHover' (04EEBC10) of type: BasicImage
25/03/2016 15:05:39 (Std) 	[ImageManager] Created image: 'TaharezLook/MiniHorzScrollBarSegment' (04EEA400) of type: BasicImage
25/03/2016 15:05:39 (Std) 	[ImageManager] Created image: 'TaharezLook/MiniHorzScrollThumbNormal' (04EEB120) of type: BasicImage
25/03/2016 15:05:39 (Std) 	[ImageManager] Created image: 'TaharezLook/MiniHorzScrollThumbLeftNormal' (04EEB8C8) of type: BasicImage
25/03/2016 15:05:39 (Std) 	[ImageManager] Created image: 'TaharezLook/MiniHorzScrollThumbMiddleNormal' (04EEB238) of type: BasicImage
25/03/2016 15:05:39 (Std) 	[ImageManager] Created image: 'TaharezLook/MiniHorzScrollThumbRightNormal' (04EE9FA0) of type: BasicImage
25/03/2016 15:05:39 (Std) 	[ImageManager] Created image: 'TaharezLook/MiniHorzScrollThumbHover' (04EEA1D0) of type: BasicImage
25/03/2016 15:05:39 (Std) 	[ImageManager] Created image: 'TaharezLook/MiniHorzScrollThumbLeftHover' (04EEA518) of type: BasicImage
25/03/2016 15:05:39 (Std) 	[ImageManager] Created image: 'TaharezLook/MiniHorzScrollThumbMiddleHover' (04EEB580) of type: BasicImage
25/03/2016 15:05:39 (Std) 	[ImageManager] Created image: 'TaharezLook/MiniHorzScrollThumbRightHover' (04EEA630) of type: BasicImage
25/03/2016 15:05:39 (Std) 	[ImageManager] Created image: 'TaharezLook/MiniHorzScrollLeftNormal' (04EF11F0) of type: BasicImage
25/03/2016 15:05:39 (Std) 	[ImageManager] Created image: 'TaharezLook/MiniHorzScrollRightNormal' (04EF10D8) of type: BasicImage
25/03/2016 15:05:39 (Std) 	[ImageManager] Created image: 'TaharezLook/MiniHorzScrollLeftHover' (04EF2E60) of type: BasicImage
25/03/2016 15:05:39 (Std) 	[ImageManager] Created image: 'TaharezLook/MiniHorzScrollRightHover' (04EF1BC8) of type: BasicImage
25/03/2016 15:05:39 (Std) 	[ImageManager] Created image: 'TaharezLook/ListboxLeft' (04EF1308) of type: BasicImage
25/03/2016 15:05:39 (Std) 	[ImageManager] Created image: 'TaharezLook/ListboxRight' (04EF25A0) of type: BasicImage
25/03/2016 15:05:39 (Std) 	[ImageManager] Created image: 'TaharezLook/ListboxTop' (04EF27D0) of type: BasicImage
25/03/2016 15:05:39 (Std) 	[ImageManager] Created image: 'TaharezLook/ListboxBottom' (04EF2370) of type: BasicImage
25/03/2016 15:05:39 (Std) 	[ImageManager] Created image: 'TaharezLook/ListboxTopLeft' (04EF1650) of type: BasicImage
25/03/2016 15:05:39 (Std) 	[ImageManager] Created image: 'TaharezLook/ListboxTopRight' (04EF1420) of type: BasicImage
25/03/2016 15:05:39 (Std) 	[ImageManager] Created image: 'TaharezLook/ListboxBottomLeft' (04EF1CE0) of type: BasicImage
25/03/2016 15:05:39 (Std) 	[ImageManager] Created image: 'TaharezLook/ListboxBottomRight' (04EF2C30) of type: BasicImage
25/03/2016 15:05:39 (Std) 	[ImageManager] Created image: 'TaharezLook/ListboxBackdrop' (04EF28E8) of type: BasicImage
25/03/2016 15:05:39 (Std) 	[ImageManager] Created image: 'TaharezLook/ListboxSelectionBrush' (04EF1538) of type: BasicImage
25/03/2016 15:05:39 (Std) 	[ImageManager] Created image: 'TaharezLook/ComboboxEditLeft' (04EF2258) of type: BasicImage
25/03/2016 15:05:39 (Std) 	[ImageManager] Created image: 'TaharezLook/ComboboxEditMiddle' (04EF0FC0) of type: BasicImage
25/03/2016 15:05:39 (Std) 	[ImageManager] Created image: 'TaharezLook/ComboboxListButtonNormal' (04EF1768) of type: BasicImage
25/03/2016 15:05:39 (Std) 	[ImageManager] Created image: 'TaharezLook/ComboboxListButtonHover' (04EF1DF8) of type: BasicImage
25/03/2016 15:05:39 (Std) 	[ImageManager] Created image: 'TaharezLook/ComboboxListLeft' (04EF1F10) of type: BasicImage
25/03/2016 15:05:39 (Std) 	[ImageManager] Created image: 'TaharezLook/ComboboxListRight' (04EF1880) of type: BasicImage
25/03/2016 15:05:39 (Std) 	[ImageManager] Created image: 'TaharezLook/ComboboxListTop' (04EF1998) of type: BasicImage
25/03/2016 15:05:39 (Std) 	[ImageManager] Created image: 'TaharezLook/ComboboxListBottom' (04EF26B8) of type: BasicImage
25/03/2016 15:05:39 (Std) 	[ImageManager] Created image: 'TaharezLook/ComboboxListTopLeft' (04EF2028) of type: BasicImage
25/03/2016 15:05:39 (Std) 	[ImageManager] Created image: 'TaharezLook/ComboboxListTopRight' (04EF1AB0) of type: BasicImage
25/03/2016 15:05:39 (Std) 	[ImageManager] Created image: 'TaharezLook/ComboboxListBottomLeft' (04EF2140) of type: BasicImage
25/03/2016 15:05:39 (Std) 	[ImageManager] Created image: 'TaharezLook/ComboboxListBottomRight' (04EF2B18) of type: BasicImage
25/03/2016 15:05:39 (Std) 	[ImageManager] Created image: 'TaharezLook/ComboboxListBackdrop' (04EF2A00) of type: BasicImage
25/03/2016 15:05:39 (Std) 	[ImageManager] Created image: 'TaharezLook/ComboboxSelectionBrush' (04EF2D48) of type: BasicImage
25/03/2016 15:05:39 (Std) 	[ImageManager] Created image: 'TaharezLook/ComboboxDividerLeft' (04EF2488) of type: BasicImage
25/03/2016 15:05:39 (Std) 	[ImageManager] Created image: 'TaharezLook/ComboboxDividerMiddle' (04EEC1D8) of type: BasicImage
25/03/2016 15:05:39 (Std) 	[ImageManager] Created image: 'TaharezLook/ComboboxDividerRight' (04EECBB0) of type: BasicImage
25/03/2016 15:05:39 (Std) 	[ImageManager] Created image: 'TaharezLook/HeaderBarBackdropNormal' (04EEC0C0) of type: BasicImage
25/03/2016 15:05:39 (Std) 	[ImageManager] Created image: 'TaharezLook/HeaderBarBackdropHover' (04EECDE0) of type: BasicImage
25/03/2016 15:05:39 (Std) 	[ImageManager] Created image: 'TaharezLook/HeaderBarSplitterNormal' (04EECCC8) of type: BasicImage
25/03/2016 15:05:39 (Std) 	[ImageManager] Created image: 'TaharezLook/HeaderBarSplitterHover' (04EEC980) of type: BasicImage
25/03/2016 15:05:39 (Std) 	[ImageManager] Created image: 'TaharezLook/HeaderBarSortUp' (04EECA98) of type: BasicImage
25/03/2016 15:05:39 (Std) 	[ImageManager] Created image: 'TaharezLook/HeaderBarSortDown' (04EEC2F0) of type: BasicImage
25/03/2016 15:05:39 (Std) 	[ImageManager] Created image: 'TaharezLook/MultiListLeft' (04EEBFA8) of type: BasicImage
25/03/2016 15:05:39 (Std) 	[ImageManager] Created image: 'TaharezLook/MultiListRight' (04EEC408) of type: BasicImage
25/03/2016 15:05:39 (Std) 	[ImageManager] Created image: 'TaharezLook/MultiListTop' (04EEC520) of type: BasicImage
25/03/2016 15:05:39 (Std) 	[ImageManager] Created image: 'TaharezLook/MultiListBottom' (04EEC638) of type: BasicImage
25/03/2016 15:05:39 (Std) 	[ImageManager] Created image: 'TaharezLook/MultiListTopLeft' (04EEC750) of type: BasicImage
25/03/2016 15:05:39 (Std) 	[ImageManager] Created image: 'TaharezLook/MultiListTopRight' (04EEC868) of type: BasicImage
25/03/2016 15:05:39 (Std) 	[ImageManager] Created image: 'TaharezLook/MultiListBottomLeft' (04EF9560) of type: BasicImage
25/03/2016 15:05:39 (Std) 	[ImageManager] Created image: 'TaharezLook/MultiListBottomRight' (04EFAB40) of type: BasicImage
25/03/2016 15:05:39 (Std) 	[ImageManager] Created image: 'TaharezLook/MultiListBackdrop' (04EFA5C8) of type: BasicImage
25/03/2016 15:05:39 (Std) 	[ImageManager] Created image: 'TaharezLook/MultiListSelectionBrush' (04EFA910) of type: BasicImage
25/03/2016 15:05:39 (Std) 	[ImageManager] Created image: 'TaharezLook/AltProgressLeft' (04EFA398) of type: BasicImage
25/03/2016 15:05:39 (Std) 	[ImageManager] Created image: 'TaharezLook/AltProgressMiddle' (04EFA6E0) of type: BasicImage
25/03/2016 15:05:39 (Std) 	[ImageManager] Created image: 'TaharezLook/AltProgressRight' (04EFA7F8) of type: BasicImage
25/03/2016 15:05:39 (Std) 	[ImageManager] Created image: 'TaharezLook/AltProgressQuarter' (04EF9AD8) of type: BasicImage
25/03/2016 15:05:39 (Std) 	[ImageManager] Created image: 'TaharezLook/AltProgressHalf' (04EF9448) of type: BasicImage
25/03/2016 15:05:39 (Std) 	[ImageManager] Created image: 'TaharezLook/AltProgressLight1' (04EFAA28) of type: BasicImage
25/03/2016 15:05:39 (Std) 	[ImageManager] Created image: 'TaharezLook/AltProgressLight2' (04EF9330) of type: BasicImage
25/03/2016 15:05:39 (Std) 	[ImageManager] Created image: 'TaharezLook/AltProgressLight3' (04EFAC58) of type: BasicImage
25/03/2016 15:05:39 (Std) 	[ImageManager] Created image: 'TaharezLook/AltProgressLight4' (04EFAD70) of type: BasicImage
25/03/2016 15:05:39 (Std) 	[ImageManager] Created image: 'TaharezLook/AltProgressLight5' (04EFA168) of type: BasicImage
25/03/2016 15:05:39 (Std) 	[ImageManager] Created image: 'TaharezLook/AltProgressLight6' (04EF9218) of type: BasicImage
25/03/2016 15:05:39 (Std) 	[ImageManager] Created image: 'TaharezLook/AltProgressLight7' (04EF9678) of type: BasicImage
25/03/2016 15:05:39 (Std) 	[ImageManager] Created image: 'TaharezLook/AltProgressLight8' (04EF9790) of type: BasicImage
25/03/2016 15:05:39 (Std) 	[ImageManager] Created image: 'TaharezLook/AltProgressLight9' (04EF98A8) of type: BasicImage
25/03/2016 15:05:39 (Std) 	[ImageManager] Created image: 'TaharezLook/AltProgressLight10' (04EF9BF0) of type: BasicImage
25/03/2016 15:05:39 (Std) 	[ImageManager] Created image: 'TaharezLook/CloseButtonNormal' (04EF99C0) of type: BasicImage
25/03/2016 15:05:39 (Std) 	[ImageManager] Created image: 'TaharezLook/CloseButtonHover' (04EFAE88) of type: BasicImage
25/03/2016 15:05:39 (Std) 	[ImageManager] Created image: 'TaharezLook/CloseButtonPressed' (04EF8FE8) of type: BasicImage
25/03/2016 15:05:39 (Std) 	[ImageManager] Created image: 'TaharezLook/NewCloseButtonNormal' (04EF9D08) of type: BasicImage
25/03/2016 15:05:39 (Std) 	[ImageManager] Created image: 'TaharezLook/NewCloseButtonHover' (04EF9100) of type: BasicImage
25/03/2016 15:05:39 (Std) 	[ImageManager] Created image: 'TaharezLook/NewCloseButtonPressed' (04EF9F38) of type: BasicImage
25/03/2016 15:05:39 (Std) 	[ImageManager] Created image: 'TaharezLook/MultiLineEditboxLeft' (04EFA050) of type: BasicImage
25/03/2016 15:05:39 (Std) 	[ImageManager] Created image: 'TaharezLook/MultiLineEditboxRight' (04EF9E20) of type: BasicImage
25/03/2016 15:05:39 (Std) 	[ImageManager] Created image: 'TaharezLook/MultiLineEditboxTop' (04EFA280) of type: BasicImage
25/03/2016 15:05:39 (Std) 	[ImageManager] Created image: 'TaharezLook/MultiLineEditboxBottom' (04EFA4B0) of type: BasicImage
25/03/2016 15:05:39 (Std) 	[ImageManager] Created image: 'TaharezLook/MultiLineEditboxTopLeft' (04EFF238) of type: BasicImage
25/03/2016 15:05:39 (Std) 	[ImageManager] Created image: 'TaharezLook/MultiLineEditboxTopRight' (04F00C78) of type: BasicImage
25/03/2016 15:05:39 (Std) 	[ImageManager] Created image: 'TaharezLook/MultiLineEditboxBottomLeft' (04F00B60) of type: BasicImage
25/03/2016 15:05:39 (Std) 	[ImageManager] Created image: 'TaharezLook/MultiLineEditboxBottomRight' (04F00D90) of type: BasicImage
25/03/2016 15:05:39 (Std) 	[ImageManager] Created image: 'TaharezLook/MultiLineEditboxBackdrop' (04F00700) of type: BasicImage
25/03/2016 15:05:39 (Std) 	[ImageManager] Created image: 'TaharezLook/MultiLineEditboxSelectionBrush' (04EFF8C8) of type: BasicImage
25/03/2016 15:05:39 (Std) 	[ImageManager] Created image: 'TaharezLook/MouseTarget' (04EFF350) of type: BasicImage
25/03/2016 15:05:39 (Std) 	[ImageManager] Created image: 'TaharezLook/MouseArrow' (04F00818) of type: BasicImage
25/03/2016 15:05:39 (Std) 	[ImageManager] Created image: 'TaharezLook/MouseMoveCursor' (04F00070) of type: BasicImage
25/03/2016 15:05:39 (Std) 	[ImageManager] Created image: 'TaharezLook/MouseNoSoCursor' (04F00930) of type: BasicImage
25/03/2016 15:05:39 (Std) 	[ImageManager] Created image: 'TaharezLook/MouseEsWeCursor' (04EFF468) of type: BasicImage
25/03/2016 15:05:39 (Std) 	[ImageManager] Created image: 'TaharezLook/MouseNeSwCursor' (04F00A48) of type: BasicImage
25/03/2016 15:05:39 (Std) 	[ImageManager] Created image: 'TaharezLook/MouseNwSeCursor' (04F00EA8) of type: BasicImage
25/03/2016 15:05:39 (Std) 	[ImageManager] Created image: 'TaharezLook/MouseTextBar' (04EFF008) of type: BasicImage
25/03/2016 15:05:39 (Std) 	[ImageManager] Created image: 'TaharezLook/TabHorizontalFiller' (04EFFE40) of type: BasicImage
25/03/2016 15:05:39 (Std) 	[ImageManager] Created image: 'TaharezLook/TabContentPaneUpperLeft' (04EFF580) of type: BasicImage
25/03/2016 15:05:39 (Std) 	[ImageManager] Created image: 'TaharezLook/TabContentPaneUpper' (04EFFAF8) of type: BasicImage
25/03/2016 15:05:39 (Std) 	[ImageManager] Created image: 'TaharezLook/TabContentPaneUpperRight' (04EFF120) of type: BasicImage
25/03/2016 15:05:39 (Std) 	[ImageManager] Created image: 'TaharezLook/TabContentPaneLeft' (04EFF698) of type: BasicImage
25/03/2016 15:05:39 (Std) 	[ImageManager] Created image: 'TaharezLook/TabContentPaneRight' (04EFFC10) of type: BasicImage
25/03/2016 15:05:39 (Std) 	[ImageManager] Created image: 'TaharezLook/TabContentPaneLower' (04F003B8) of type: BasicImage
25/03/2016 15:05:39 (Std) 	[ImageManager] Created image: 'TaharezLook/TabContentPaneLowerLeft' (04EFFD28) of type: BasicImage
25/03/2016 15:05:39 (Std) 	[ImageManager] Created image: 'TaharezLook/TabContentPaneLowerRight' (04EFF9E0) of type: BasicImage
25/03/2016 15:05:39 (Std) 	[ImageManager] Created image: 'TaharezLook/TabContentPaneMiddle' (04F005E8) of type: BasicImage
25/03/2016 15:05:39 (Std) 	[ImageManager] Created image: 'TaharezLook/TabButtonScrollLeftNormal' (04EFF7B0) of type: BasicImage
25/03/2016 15:05:39 (Std) 	[ImageManager] Created image: 'TaharezLook/TabButtonScrollRightNormal' (04EFFF58) of type: BasicImage
25/03/2016 15:05:39 (Std) 	[ImageManager] Created image: 'TaharezLook/TabButtonScrollLeftHover' (04F00188) of type: BasicImage
25/03/2016 15:05:39 (Std) 	[ImageManager] Created image: 'TaharezLook/TabButtonScrollRightHover' (04F002A0) of type: BasicImage
25/03/2016 15:05:39 (Std) 	[ImageManager] Created image: 'TaharezLook/TabButtonLeftNormal' (04F004D0) of type: BasicImage
25/03/2016 15:05:39 (Std) 	[ImageManager] Created image: 'TaharezLook/TabButtonRightNormal' (04EF3E00) of type: BasicImage
25/03/2016 15:05:39 (Std) 	[ImageManager] Created image: 'TaharezLook/TabButtonUpperNormal' (04EF3428) of type: BasicImage
25/03/2016 15:05:39 (Std) 	[ImageManager] Created image: 'TaharezLook/TabButtonLowerNormal' (04EF3AB8) of type: BasicImage
25/03/2016 15:05:39 (Std) 	[ImageManager] Created image: 'TaharezLook/TabButtonUpperLeftNormal' (04EF30E0) of type: BasicImage
25/03/2016 15:05:39 (Std) 	[ImageManager] Created image: 'TaharezLook/TabButtonUpperLeft2Normal' (04EF3658) of type: BasicImage
25/03/2016 15:05:39 (Std) 	[ImageManager] Created image: 'TaharezLook/TabButtonUpperRightNormal' (04EF3CE8) of type: BasicImage
25/03/2016 15:05:39 (Std) 	[ImageManager] Created image: 'TaharezLook/TabButtonLowerLeftNormal' (04EF3BD0) of type: BasicImage
25/03/2016 15:05:39 (Std) 	[ImageManager] Created image: 'TaharezLook/TabButtonLowerRightNormal' (04EF39A0) of type: BasicImage
25/03/2016 15:05:39 (Std) 	[ImageManager] Created image: 'TaharezLook/TabButtonLowerRight2Normal' (04EF3540) of type: BasicImage
25/03/2016 15:05:39 (Std) 	[ImageManager] Created image: 'TaharezLook/TabButtonMiddleNormal' (04EF31F8) of type: BasicImage
25/03/2016 15:05:39 (Std) 	[ImageManager] Created image: 'TaharezLook/TabButtonLeftSelected' (04EF2FC8) of type: BasicImage
25/03/2016 15:05:39 (Std) 	[ImageManager] Created image: 'TaharezLook/TabButtonRightSelected' (04EF3770) of type: BasicImage
25/03/2016 15:05:39 (Std) 	[ImageManager] Created image: 'TaharezLook/TabButtonUpperSelected' (04EF3310) of type: BasicImage
25/03/2016 15:05:39 (Std) 	[ImageManager] Created image: 'TaharezLook/TabButtonLowerSelected' (04EF3888) of type: BasicImage
25/03/2016 15:05:39 (Std) 	[ImageManager] Created image: 'TaharezLook/TabButtonUpperLeftSelected' (04EFAFF0) of type: BasicImage
25/03/2016 15:05:39 (Std) 	[ImageManager] Created image: 'TaharezLook/TabButtonUpperRightSelected' (04EFB568) of type: BasicImage
25/03/2016 15:05:39 (Std) 	[ImageManager] Created image: 'TaharezLook/TabButtonLowerLeftSelected' (04EFBAE0) of type: BasicImage
25/03/2016 15:05:39 (Std) 	[ImageManager] Created image: 'TaharezLook/TabButtonLowerRightSelected' (04EFBD10) of type: BasicImage
25/03/2016 15:05:39 (Std) 	[ImageManager] Created image: 'TaharezLook/TabButtonMiddleSelected' (04EFB680) of type: BasicImage
25/03/2016 15:05:39 (Std) 	[ImageManager] Created image: 'TaharezLook/TooltipTopLeft' (04EFB8B0) of type: BasicImage
25/03/2016 15:05:39 (Std) 	[ImageManager] Created image: 'TaharezLook/TooltipTopRight' (04EFB798) of type: BasicImage
25/03/2016 15:05:39 (Std) 	[ImageManager] Created image: 'TaharezLook/TooltipBottomLeft' (04EFB9C8) of type: BasicImage
25/03/2016 15:05:39 (Std) 	[ImageManager] Created image: 'TaharezLook/TooltipBottomRight' (04EFBBF8) of type: BasicImage
25/03/2016 15:05:39 (Std) 	[ImageManager] Created image: 'TaharezLook/TooltipLeftEdge' (04EFBE28) of type: BasicImage
25/03/2016 15:05:39 (Std) 	[ImageManager] Created image: 'TaharezLook/TooltipRightEdge' (04EFB450) of type: BasicImage
25/03/2016 15:05:39 (Std) 	[ImageManager] Created image: 'TaharezLook/TooltipTopEdge' (04EFB108) of type: BasicImage
25/03/2016 15:05:39 (Std) 	[ImageManager] Created image: 'TaharezLook/TooltipBottomEdge' (04EFB220) of type: BasicImage
25/03/2016 15:05:39 (Std) 	[ImageManager] Created image: 'TaharezLook/TooltipMiddle' (04EFB338) of type: BasicImage
25/03/2016 15:05:39 (Std) 	[ImageManager] Created image: 'TaharezLook/MenuTopLeft' (04F0B508) of type: BasicImage
25/03/2016 15:05:39 (Std) 	[ImageManager] Created image: 'TaharezLook/MenuTopRight' (04F0AA18) of type: BasicImage
25/03/2016 15:05:39 (Std) 	[ImageManager] Created image: 'TaharezLook/MenuBottomLeft' (04F0B620) of type: BasicImage
25/03/2016 15:05:39 (Std) 	[ImageManager] Created image: 'TaharezLook/MenuBottomRight' (04F0AD60) of type: BasicImage
25/03/2016 15:05:39 (Std) 	[ImageManager] Created image: 'TaharezLook/MenuLeft' (04F0AF90) of type: BasicImage
25/03/2016 15:05:39 (Std) 	[ImageManager] Created image: 'TaharezLook/MenuRight' (04F0B850) of type: BasicImage
25/03/2016 15:05:39 (Std) 	[ImageManager] Created image: 'TaharezLook/MenuTop' (04F0B1C0) of type: BasicImage
25/03/2016 15:05:39 (Std) 	[ImageManager] Created image: 'TaharezLook/MenuBottom' (04F0B968) of type: BasicImage
25/03/2016 15:05:39 (Std) 	[ImageManager] Created image: 'TaharezLook/MenuMiddle' (04F0BEE0) of type: BasicImage
25/03/2016 15:05:39 (Std) 	[ImageManager] Created image: 'TaharezLook/PopupMenuFrameTopLeft' (04F0AC48) of type: BasicImage
25/03/2016 15:05:39 (Std) 	[ImageManager] Created image: 'TaharezLook/PopupMenuFrameTopRight' (04F0B738) of type: BasicImage
25/03/2016 15:05:39 (Std) 	[ImageManager] Created image: 'TaharezLook/PopupMenuFrameBottomLeft' (04F0B3F0) of type: BasicImage
25/03/2016 15:05:39 (Std) 	[ImageManager] Created image: 'TaharezLook/PopupMenuFrameBottomRight' (04F0B2D8) of type: BasicImage
25/03/2016 15:05:39 (Std) 	[ImageManager] Created image: 'TaharezLook/PopupMenuFrameLeft' (04F0AE78) of type: BasicImage
25/03/2016 15:05:39 (Std) 	[ImageManager] Created image: 'TaharezLook/PopupMenuFrameRight' (04F0B0A8) of type: BasicImage
25/03/2016 15:05:39 (Std) 	[ImageManager] Created image: 'TaharezLook/PopupMenuFrameTop' (04F0BA80) of type: BasicImage
25/03/2016 15:05:39 (Std) 	[ImageManager] Created image: 'TaharezLook/PopupMenuFrameBottom' (04F0BB98) of type: BasicImage
25/03/2016 15:05:39 (Std) 	[ImageManager] Created image: 'TaharezLook/PopupMenuMiddle' (04F0BCB0) of type: BasicImage
25/03/2016 15:05:39 (Std) 	[ImageManager] Created image: 'TaharezLook/PopupMenuArrowRight' (04F0A040) of type: BasicImage
25/03/2016 15:05:39 (Std) 	[ImageManager] Created image: 'TaharezLook/PopupMenuArrowLeft' (04F0BDC8) of type: BasicImage
25/03/2016 15:05:39 (Std) 	[ImageManager] Created image: 'TaharezLook/TreeListClosed' (04F0A158) of type: BasicImage
25/03/2016 15:05:39 (Std) 	[ImageManager] Created image: 'TaharezLook/TreeListOpened' (04F0A6D0) of type: BasicImage
25/03/2016 15:05:39 (Std) 	[ImageManager] Created image: 'TaharezLook/UpArrow' (04F0A270) of type: BasicImage
25/03/2016 15:05:39 (Std) 	===== Falagard 'root' element: look and feel parsing begins =====
25/03/2016 15:05:39 (Std) 	===== Look and feel parsing completed =====
25/03/2016 15:05:39 (Std) 	No window renderer factories specified for module 'CEGUICoreWindowRendererSet' - adding all available factories...
25/03/2016 15:05:39 (Std) 	Created WindowRendererFactory for 'Core/Button' WindowRenderers.
25/03/2016 15:05:39 (Std) 	WindowRendererFactory 'Core/Button' added. (068D0930)
25/03/2016 15:05:39 (Std) 	Created WindowRendererFactory for 'Core/Default' WindowRenderers.
25/03/2016 15:05:39 (Std) 	WindowRendererFactory 'Core/Default' added. (068D09F8)
25/03/2016 15:05:39 (Std) 	Created WindowRendererFactory for 'Core/Editbox' WindowRenderers.
25/03/2016 15:05:39 (Std) 	WindowRendererFactory 'Core/Editbox' added. (068D11C8)
25/03/2016 15:05:39 (Std) 	Created WindowRendererFactory for 'Core/FrameWindow' WindowRenderers.
25/03/2016 15:05:39 (Std) 	WindowRendererFactory 'Core/FrameWindow' added. (068D03B8)
25/03/2016 15:05:39 (Std) 	Created WindowRendererFactory for 'Core/ItemEntry' WindowRenderers.
25/03/2016 15:05:39 (Std) 	WindowRendererFactory 'Core/ItemEntry' added. (068D0B88)
25/03/2016 15:05:39 (Std) 	Created WindowRendererFactory for 'Core/ListHeader' WindowRenderers.
25/03/2016 15:05:39 (Std) 	WindowRendererFactory 'Core/ListHeader' added. (068D0098)
25/03/2016 15:05:39 (Std) 	Created WindowRendererFactory for 'Core/ListHeaderSegment' WindowRenderers.
25/03/2016 15:05:39 (Std) 	WindowRendererFactory 'Core/ListHeaderSegment' added. (068D0DE0)
25/03/2016 15:05:39 (Std) 	Created WindowRendererFactory for 'Core/Listbox' WindowRenderers.
25/03/2016 15:05:39 (Std) 	WindowRendererFactory 'Core/Listbox' added. (068D02F0)
25/03/2016 15:05:39 (Std) 	Created WindowRendererFactory for 'Core/Menubar' WindowRenderers.
25/03/2016 15:05:39 (Std) 	WindowRendererFactory 'Core/Menubar' added. (068D0480)
25/03/2016 15:05:39 (Std) 	Created WindowRendererFactory for 'Core/MenuItem' WindowRenderers.
25/03/2016 15:05:39 (Std) 	WindowRendererFactory 'Core/MenuItem' added. (068D1038)
25/03/2016 15:05:39 (Std) 	Created WindowRendererFactory for 'Core/MultiColumnList' WindowRenderers.
25/03/2016 15:05:39 (Std) 	WindowRendererFactory 'Core/MultiColumnList' added. (068D14E8)
25/03/2016 15:05:39 (Std) 	Created WindowRendererFactory for 'Core/MultiLineEditbox' WindowRenderers.
25/03/2016 15:05:39 (Std) 	WindowRendererFactory 'Core/MultiLineEditbox' added. (068D0EA8)
25/03/2016 15:05:39 (Std) 	Created WindowRendererFactory for 'Core/PopupMenu' WindowRenderers.
25/03/2016 15:05:39 (Std) 	WindowRendererFactory 'Core/PopupMenu' added. (068D1100)
25/03/2016 15:05:39 (Std) 	Created WindowRendererFactory for 'Core/ProgressBar' WindowRenderers.
25/03/2016 15:05:39 (Std) 	WindowRendererFactory 'Core/ProgressBar' added. (068D0548)
25/03/2016 15:05:39 (Std) 	Created WindowRendererFactory for 'Core/ScrollablePane' WindowRenderers.
25/03/2016 15:05:39 (Std) 	WindowRendererFactory 'Core/ScrollablePane' added. (068D1420)
25/03/2016 15:05:39 (Std) 	Created WindowRendererFactory for 'Core/Scrollbar' WindowRenderers.
25/03/2016 15:05:39 (Std) 	WindowRendererFactory 'Core/Scrollbar' added. (068D1290)
25/03/2016 15:05:39 (Std) 	Created WindowRendererFactory for 'Core/Slider' WindowRenderers.
25/03/2016 15:05:39 (Std) 	WindowRendererFactory 'Core/Slider' added. (068D15B0)
25/03/2016 15:05:39 (Std) 	Created WindowRendererFactory for 'Core/Static' WindowRenderers.
25/03/2016 15:05:39 (Std) 	WindowRendererFactory 'Core/Static' added. (068D0610)
25/03/2016 15:05:39 (Std) 	Created WindowRendererFactory for 'Core/StaticImage' WindowRenderers.
25/03/2016 15:05:39 (Std) 	WindowRendererFactory 'Core/StaticImage' added. (068D1358)
25/03/2016 15:05:39 (Std) 	Created WindowRendererFactory for 'Core/StaticText' WindowRenderers.
25/03/2016 15:05:39 (Std) 	WindowRendererFactory 'Core/StaticText' added. (068D06D8)
25/03/2016 15:05:39 (Std) 	Created WindowRendererFactory for 'Core/TabButton' WindowRenderers.
25/03/2016 15:05:39 (Std) 	WindowRendererFactory 'Core/TabButton' added. (068D1998)
25/03/2016 15:05:39 (Std) 	Created WindowRendererFactory for 'Core/TabControl' WindowRenderers.
25/03/2016 15:05:39 (Std) 	WindowRendererFactory 'Core/TabControl' added. (068D1F10)
25/03/2016 15:05:39 (Std) 	Created WindowRendererFactory for 'Core/Titlebar' WindowRenderers.
25/03/2016 15:05:39 (Std) 	WindowRendererFactory 'Core/Titlebar' added. (068D1CB8)
25/03/2016 15:05:39 (Std) 	Created WindowRendererFactory for 'Core/ToggleButton' WindowRenderers.
25/03/2016 15:05:39 (Std) 	WindowRendererFactory 'Core/ToggleButton' added. (068D1A60)
25/03/2016 15:05:39 (Std) 	Created WindowRendererFactory for 'Core/Tooltip' WindowRenderers.
25/03/2016 15:05:39 (Std) 	WindowRendererFactory 'Core/Tooltip' added. (068D1B28)
25/03/2016 15:05:39 (Std) 	Created WindowRendererFactory for 'Core/ItemListbox' WindowRenderers.
25/03/2016 15:05:39 (Std) 	WindowRendererFactory 'Core/ItemListbox' added. (068D1BF0)
25/03/2016 15:05:39 (Std) 	Created WindowRendererFactory for 'Core/Tree' WindowRenderers.
25/03/2016 15:05:39 (Std) 	WindowRendererFactory 'Core/Tree' added. (068D1E48)
25/03/2016 15:05:39 (Std) 	Creating falagard mapping for type 'TaharezLook/Label' using base type 'DefaultWindow', window renderer 'Core/Default' Look'N'Feel 'TaharezLook/Label' and RenderEffect ''. (005BC878)
25/03/2016 15:05:39 (Std) 	Creating falagard mapping for type 'TaharezLook/Button' using base type 'CEGUI/PushButton', window renderer 'Core/Button' Look'N'Feel 'TaharezLook/Button' and RenderEffect ''. (005BC878)
25/03/2016 15:05:39 (Std) 	Creating falagard mapping for type 'TaharezLook/Checkbox' using base type 'CEGUI/ToggleButton', window renderer 'Core/ToggleButton' Look'N'Feel 'TaharezLook/Checkbox' and RenderEffect ''. (005BC878)
25/03/2016 15:05:39 (Std) 	Creating falagard mapping for type 'TaharezLook/ImageButton' using base type 'CEGUI/PushButton', window renderer 'Core/Button' Look'N'Feel 'TaharezLook/ImageButton' and RenderEffect ''. (005BC878)
25/03/2016 15:05:39 (Std) 	Creating falagard mapping for type 'TaharezLook/RadioButton' using base type 'CEGUI/RadioButton', window renderer 'Core/ToggleButton' Look'N'Feel 'TaharezLook/RadioButton' and RenderEffect ''. (005BC878)
25/03/2016 15:05:39 (Std) 	Creating falagard mapping for type 'TaharezLook/FrameWindow' using base type 'CEGUI/FrameWindow', window renderer 'Core/FrameWindow' Look'N'Feel 'TaharezLook/FrameWindow' and RenderEffect ''. (005BC878)
25/03/2016 15:05:39 (Std) 	Creating falagard mapping for type 'TaharezLook/Titlebar' using base type 'CEGUI/Titlebar', window renderer 'Core/Titlebar' Look'N'Feel 'TaharezLook/Titlebar' and RenderEffect ''. (005BC878)
25/03/2016 15:05:39 (Std) 	Creating falagard mapping for type 'TaharezLook/Editbox' using base type 'CEGUI/Editbox', window renderer 'Core/Editbox' Look'N'Feel 'TaharezLook/Editbox' and RenderEffect ''. (005BC878)
25/03/2016 15:05:39 (Std) 	Creating falagard mapping for type 'TaharezLook/MultiLineEditbox' using base type 'CEGUI/MultiLineEditbox', window renderer 'Core/MultiLineEditbox' Look'N'Feel 'TaharezLook/MultiLineEditbox' and RenderEffect ''. (005BC878)
25/03/2016 15:05:39 (Std) 	Creating falagard mapping for type 'TaharezLook/Menubar' using base type 'CEGUI/Menubar', window renderer 'Core/Menubar' Look'N'Feel 'TaharezLook/Menubar' and RenderEffect ''. (005BC878)
25/03/2016 15:05:39 (Std) 	Creating falagard mapping for type 'TaharezLook/PopupMenu' using base type 'CEGUI/PopupMenu', window renderer 'Core/PopupMenu' Look'N'Feel 'TaharezLook/PopupMenu' and RenderEffect ''. (005BC878)
25/03/2016 15:05:39 (Std) 	Creating falagard mapping for type 'TaharezLook/MenuItem' using base type 'CEGUI/MenuItem', window renderer 'Core/MenuItem' Look'N'Feel 'TaharezLook/MenuItem' and RenderEffect ''. (005BC878)
25/03/2016 15:05:39 (Std) 	Creating falagard mapping for type 'TaharezLook/AlternateProgressBar' using base type 'CEGUI/ProgressBar', window renderer 'Core/ProgressBar' Look'N'Feel 'TaharezLook/AltProgressBar' and RenderEffect ''. (005BC878)
25/03/2016 15:05:39 (Std) 	Creating falagard mapping for type 'TaharezLook/ProgressBar' using base type 'CEGUI/ProgressBar', window renderer 'Core/ProgressBar' Look'N'Feel 'TaharezLook/ProgressBar' and RenderEffect ''. (005BC878)
25/03/2016 15:05:39 (Std) 	Creating falagard mapping for type 'TaharezLook/VUMeter' using base type 'CEGUI/ProgressBar', window renderer 'Core/ProgressBar' Look'N'Feel 'TaharezLook/VUMeter' and RenderEffect ''. (005BC878)
25/03/2016 15:05:39 (Std) 	Creating falagard mapping for type 'TaharezLook/VerticalScrollbar' using base type 'CEGUI/Scrollbar', window renderer 'Core/Scrollbar' Look'N'Feel 'TaharezLook/VerticalScrollbar' and RenderEffect ''. (005BC878)
25/03/2016 15:05:39 (Std) 	Creating falagard mapping for type 'TaharezLook/HorizontalScrollbar' using base type 'CEGUI/Scrollbar', window renderer 'Core/Scrollbar' Look'N'Feel 'TaharezLook/HorizontalScrollbar' and RenderEffect ''. (005BC878)
25/03/2016 15:05:39 (Std) 	Creating falagard mapping for type 'TaharezLook/VerticalScrollbarThumb' using base type 'CEGUI/Thumb', window renderer 'Core/Button' Look'N'Feel 'TaharezLook/VerticalScrollbarThumb' and RenderEffect ''. (005BC878)
25/03/2016 15:05:39 (Std) 	Creating falagard mapping for type 'TaharezLook/HorizontalScrollbarThumb' using base type 'CEGUI/Thumb', window renderer 'Core/Button' Look'N'Feel 'TaharezLook/HorizontalScrollbarThumb' and RenderEffect ''. (005BC878)
25/03/2016 15:05:39 (Std) 	Creating falagard mapping for type 'TaharezLook/LargeVerticalScrollbar' using base type 'CEGUI/Scrollbar', window renderer 'Core/Scrollbar' Look'N'Feel 'TaharezLook/LargeVerticalScrollbar' and RenderEffect ''. (005BC878)
25/03/2016 15:05:39 (Std) 	Creating falagard mapping for type 'TaharezLook/LargeVerticalScrollbarThumb' using base type 'CEGUI/Thumb', window renderer 'Core/Button' Look'N'Feel 'TaharezLook/LargeVerticalScrollbarThumb' and RenderEffect ''. (005BC878)
25/03/2016 15:05:39 (Std) 	Creating falagard mapping for type 'TaharezLook/TabButton' using base type 'CEGUI/TabButton', window renderer 'Core/TabButton' Look'N'Feel 'TaharezLook/TabButton' and RenderEffect ''. (005BC878)
25/03/2016 15:05:39 (Std) 	Creating falagard mapping for type 'TaharezLook/TabControl' using base type 'CEGUI/TabControl', window renderer 'Core/TabControl' Look'N'Feel 'TaharezLook/TabControl' and RenderEffect ''. (005BC878)
25/03/2016 15:05:39 (Std) 	Creating falagard mapping for type 'TaharezLook/TabContentPane' using base type 'DefaultWindow', window renderer 'Core/Default' Look'N'Feel 'TaharezLook/TabContentPane' and RenderEffect ''. (005BC878)
25/03/2016 15:05:39 (Std) 	Creating falagard mapping for type 'TaharezLook/TabButtonPane' using base type 'DefaultWindow', window renderer 'Core/Default' Look'N'Feel 'TaharezLook/TabButtonPane' and RenderEffect ''. (005BC878)
25/03/2016 15:05:39 (Std) 	Creating falagard mapping for type 'TaharezLook/ComboDropList' using base type 'CEGUI/ComboDropList', window renderer 'Core/Listbox' Look'N'Feel 'TaharezLook/ComboDropList' and RenderEffect ''. (005BC878)
25/03/2016 15:05:39 (Std) 	Creating falagard mapping for type 'TaharezLook/ComboEditbox' using base type 'CEGUI/Editbox', window renderer 'Core/Editbox' Look'N'Feel 'TaharezLook/ComboEditbox' and RenderEffect ''. (005BC878)
25/03/2016 15:05:39 (Std) 	Creating falagard mapping for type 'TaharezLook/Combobox' using base type 'CEGUI/Combobox', window renderer 'Core/Default' Look'N'Feel 'TaharezLook/Combobox' and RenderEffect ''. (005BC878)
25/03/2016 15:05:39 (Std) 	Creating falagard mapping for type 'TaharezLook/Listbox' using base type 'CEGUI/Listbox', window renderer 'Core/Listbox' Look'N'Feel 'TaharezLook/Listbox' and RenderEffect ''. (005BC878)
25/03/2016 15:05:39 (Std) 	Creating falagard mapping for type 'TaharezLook/ListHeader' using base type 'CEGUI/ListHeader', window renderer 'Core/ListHeader' Look'N'Feel 'TaharezLook/ListHeader' and RenderEffect ''. (005BC878)
25/03/2016 15:05:39 (Std) 	Creating falagard mapping for type 'TaharezLook/ListHeaderSegment' using base type 'CEGUI/ListHeaderSegment', window renderer 'Core/ListHeaderSegment' Look'N'Feel 'TaharezLook/ListHeaderSegment' and RenderEffect ''. (005BC878)
25/03/2016 15:05:39 (Std) 	Creating falagard mapping for type 'TaharezLook/MultiColumnList' using base type 'CEGUI/MultiColumnList', window renderer 'Core/MultiColumnList' Look'N'Feel 'TaharezLook/MultiColumnList' and RenderEffect ''. (005BC878)
25/03/2016 15:05:39 (Std) 	Creating falagard mapping for type 'TaharezLook/Slider' using base type 'CEGUI/Slider', window renderer 'Core/Slider' Look'N'Feel 'TaharezLook/Slider' and RenderEffect ''. (005BC878)
25/03/2016 15:05:39 (Std) 	Creating falagard mapping for type 'TaharezLook/SliderThumb' using base type 'CEGUI/Thumb', window renderer 'Core/Button' Look'N'Feel 'TaharezLook/SliderThumb' and RenderEffect ''. (005BC878)
25/03/2016 15:05:39 (Std) 	Creating falagard mapping for type 'TaharezLook/ScrollablePane' using base type 'CEGUI/ScrollablePane', window renderer 'Core/ScrollablePane' Look'N'Feel 'TaharezLook/ScrollablePane' and RenderEffect ''. (005BC878)
25/03/2016 15:05:39 (Std) 	Creating falagard mapping for type 'TaharezLook/Spinner' using base type 'CEGUI/Spinner', window renderer 'Core/Default' Look'N'Feel 'TaharezLook/Spinner' and RenderEffect ''. (005BC878)
25/03/2016 15:05:39 (Std) 	Creating falagard mapping for type 'TaharezLook/Tooltip' using base type 'CEGUI/Tooltip', window renderer 'Core/Tooltip' Look'N'Feel 'TaharezLook/Tooltip' and RenderEffect ''. (005BC878)
25/03/2016 15:05:39 (Std) 	Creating falagard mapping for type 'TaharezLook/StaticImage' using base type 'DefaultWindow', window renderer 'Core/StaticImage' Look'N'Feel 'TaharezLook/StaticImage' and RenderEffect ''. (005BC878)
25/03/2016 15:05:39 (Std) 	Creating falagard mapping for type 'TaharezLook/StaticText' using base type 'DefaultWindow', window renderer 'Core/StaticText' Look'N'Feel 'TaharezLook/StaticText' and RenderEffect ''. (005BC878)
25/03/2016 15:05:39 (Std) 	Creating falagard mapping for type 'TaharezLook/ItemListbox' using base type 'CEGUI/ItemListbox', window renderer 'Core/ItemListbox' Look'N'Feel 'TaharezLook/ItemListbox' and RenderEffect ''. (005BC878)
25/03/2016 15:05:39 (Std) 	Creating falagard mapping for type 'TaharezLook/ListboxItem' using base type 'CEGUI/ItemEntry', window renderer 'Core/ItemEntry' Look'N'Feel 'TaharezLook/ListboxItem' and RenderEffect ''. (005BC878)
25/03/2016 15:05:39 (Std) 	Creating falagard mapping for type 'TaharezLook/GroupBox' using base type 'DefaultWindow', window renderer 'Core/Default' Look'N'Feel 'TaharezLook/GroupBox' and RenderEffect ''. (005BC878)
25/03/2016 15:05:39 (Std) 	Creating falagard mapping for type 'TaharezLook/Tree' using base type 'CEGUI/Tree', window renderer 'Core/Tree' Look'N'Feel 'TaharezLook/Tree' and RenderEffect ''. (005BC878)
25/03/2016 15:05:40 (Std) 	[OpenGLRenderer] Created texture: DejaVuSans-10_auto_glyph_images_32
25/03/2016 15:05:43 (Std) 	Started creation of Scheme from XML specification:
25/03/2016 15:05:43 (Std) 	---- CEGUI GUIScheme name: TaharezLook
25/03/2016 15:05:43 (Std) 	---- Returning existing instance of Scheme named 'TaharezLook'.
25/03/2016 15:05:43 (Std) 	---- Returning existing instance of Font named 'DejaVuSans-10'.
25/03/2016 15:05:47 (Std) 	Started creation of Scheme from XML specification:
25/03/2016 15:05:47 (Std) 	---- CEGUI GUIScheme name: TaharezLook
25/03/2016 15:05:47 (Std) 	---- Returning existing instance of Scheme named 'TaharezLook'.
25/03/2016 15:05:48 (Std) 	---- Returning existing instance of Font named 'DejaVuSans-10'.
25/03/2016 15:05:54 (Std) 	[OpenGLRenderer] Destroyed texture: TaharezLook
25/03/2016 15:05:54 (Std) 	[OpenGLRenderer] Destroyed texture: DejaVuSans-10_auto_glyph_images_32
