f:\programm\vs 2015\makinggameswithben\sdlopengl_engine\debug\sdlopengl_engine.pdb
f:\programm\vs 2015\makinggameswithben\sdlopengl_engine\debug\sdlopengl_engine.idb
f:\programm\vs 2015\makinggameswithben\sdlopengl_engine\debug\sdlopengl.obj
f:\programm\vs 2015\makinggameswithben\sdlopengl_engine\debug\camera2d.obj
f:\programm\vs 2015\makinggameswithben\sdlopengl_engine\debug\engineerror.obj
f:\programm\vs 2015\makinggameswithben\sdlopengl_engine\debug\glslprogram.obj
f:\programm\vs 2015\makinggameswithben\sdlopengl_engine\debug\imageloader.obj
f:\programm\vs 2015\makinggameswithben\sdlopengl_engine\debug\inputmanager.obj
f:\programm\vs 2015\makinggameswithben\sdlopengl_engine\debug\iomanager.obj
f:\programm\vs 2015\makinggameswithben\sdlopengl_engine\debug\picopng.obj
f:\programm\vs 2015\makinggameswithben\sdlopengl_engine\debug\resourcemanager.obj
f:\programm\vs 2015\makinggameswithben\sdlopengl_engine\debug\sprite.obj
f:\programm\vs 2015\makinggameswithben\sdlopengl_engine\debug\spritebatch.obj
f:\programm\vs 2015\makinggameswithben\sdlopengl_engine\debug\texturecache.obj
f:\programm\vs 2015\makinggameswithben\sdlopengl_engine\debug\timing.obj
f:\programm\vs 2015\makinggameswithben\sdlopengl_engine\debug\window.obj
f:\programm\vs 2015\makinggameswithben\debug\sdlopengl_engine.lib
f:\programm\vs 2015\makinggameswithben\debug\sdlopengl_engine.pdb
f:\programm\vs 2015\makinggameswithben\sdlopengl_engine\debug\sdlopengl_engine.tlog\cl.command.1.tlog
f:\programm\vs 2015\makinggameswithben\sdlopengl_engine\debug\sdlopengl_engine.tlog\cl.read.1.tlog
f:\programm\vs 2015\makinggameswithben\sdlopengl_engine\debug\sdlopengl_engine.tlog\cl.write.1.tlog
f:\programm\vs 2015\makinggameswithben\sdlopengl_engine\debug\sdlopengl_engine.tlog\lib-link.read.1.tlog
f:\programm\vs 2015\makinggameswithben\sdlopengl_engine\debug\sdlopengl_engine.tlog\lib-link.write.1.tlog
f:\programm\vs 2015\makinggameswithben\sdlopengl_engine\debug\sdlopengl_engine.tlog\lib.command.1.tlog
